<?xml version="1.0" encoding="UTF-8"?>
<robot generator="Robot 6.1.1 (Python 3.12.0 on win32)" generated="20231222 17:53:34.286" rpa="false" schemaversion="4">
<suite id="s1" name="Testnew" source="c:\Users\NURSYAHRI - PC\Desktop\tugas QA\basic-automation-main\testing new\testnew.robot">
<test id="s1-t1" name="test-1" line="12">
<kw name="Open Browser" library="SeleniumLibrary">
<arg>${HOST}</arg>
<arg>${BROWSER}</arg>
<doc>Opens a new browser instance to the optional ``url``.</doc>
<msg timestamp="20231222 17:53:35.138" level="INFO">Opening browser 'chrome' to base url 'http://localhost:8000/'.</msg>
<status status="PASS" starttime="20231222 17:53:35.134" endtime="20231222 17:53:38.704"/>
</kw>
<kw name="Sleep" library="BuiltIn">
<arg>5s</arg>
<doc>Pauses the test executed for the given time.</doc>
<msg timestamp="20231222 17:53:43.713" level="INFO">Slept 5 seconds</msg>
<status status="PASS" starttime="20231222 17:53:38.710" endtime="20231222 17:53:43.715"/>
</kw>
<kw name="Close Browser" library="SeleniumLibrary">
<doc>Closes the current browser.</doc>
<status status="PASS" starttime="20231222 17:53:43.720" endtime="20231222 17:53:45.989"/>
</kw>
<status status="PASS" starttime="20231222 17:53:35.124" endtime="20231222 17:53:45.989"/>
</test>
<test id="s1-t2" name="testcase-2" line="17">
<kw name="Open Browser" library="SeleniumLibrary">
<arg>${HOST}</arg>
<arg>${BROWSER}</arg>
<doc>Opens a new browser instance to the optional ``url``.</doc>
<msg timestamp="20231222 17:53:46.014" level="INFO">Opening browser 'chrome' to base url 'http://localhost:8000/'.</msg>
<status status="PASS" starttime="20231222 17:53:46.005" endtime="20231222 17:53:49.063"/>
</kw>
<kw name="Click Element" library="SeleniumLibrary">
<arg>xpath://a[@type='button']</arg>
<doc>Click the element identified by ``locator``.</doc>
<msg timestamp="20231222 17:53:49.063" level="INFO">Clicking element 'xpath://a[@type='button']'.</msg>
<status status="PASS" starttime="20231222 17:53:49.063" endtime="20231222 17:53:49.322"/>
</kw>
<kw name="Input Text" library="SeleniumLibrary">
<arg>name:nama</arg>
<arg>SEMEN PADANG</arg>
<doc>Types the given ``text`` into the text field identified by ``locator``.</doc>
<msg timestamp="20231222 17:53:49.327" level="INFO">Typing text 'SEMEN PADANG' into text field 'name:nama'.</msg>
<status status="PASS" starttime="20231222 17:53:49.324" endtime="20231222 17:53:49.520"/>
</kw>
<kw name="Input Text" library="SeleniumLibrary">
<arg>name:harga</arg>
<arg>500000</arg>
<doc>Types the given ``text`` into the text field identified by ``locator``.</doc>
<msg timestamp="20231222 17:53:49.529" level="INFO">Typing text '500000' into text field 'name:harga'.</msg>
<status status="PASS" starttime="20231222 17:53:49.520" endtime="20231222 17:53:49.760"/>
</kw>
<kw name="Input Text" library="SeleniumLibrary">
<arg>name:deskripsi</arg>
<arg>TERBUAT DARI SEMEN PILIHA</arg>
<doc>Types the given ``text`` into the text field identified by ``locator``.</doc>
<msg timestamp="20231222 17:53:49.771" level="INFO">Typing text 'TERBUAT DARI SEMEN PILIHA' into text field 'name:deskripsi'.</msg>
<status status="PASS" starttime="20231222 17:53:49.764" endtime="20231222 17:53:50.084"/>
</kw>
<kw name="Click Element" library="SeleniumLibrary">
<arg>xpath://button[@type='submit']</arg>
<doc>Click the element identified by ``locator``.</doc>
<msg timestamp="20231222 17:53:50.091" level="INFO">Clicking element 'xpath://button[@type='submit']'.</msg>
<status status="PASS" starttime="20231222 17:53:50.084" endtime="20231222 17:53:50.292"/>
</kw>
<kw name="Alert Should Be Present" library="SeleniumLibrary">
<arg>data berhasil disimpan.</arg>
<doc>Verifies that an alert is present and by default, accepts it.</doc>
<msg timestamp="20231222 17:53:50.304" level="INFO">HANDLE::&lt;class 'NoneType'&gt;::None</msg>
<status status="PASS" starttime="20231222 17:53:50.301" endtime="20231222 17:53:50.355"/>
</kw>
<kw name="Sleep" library="BuiltIn">
<arg>5s</arg>
<doc>Pauses the test executed for the given time.</doc>
<msg timestamp="20231222 17:53:55.395" level="INFO">Slept 5 seconds</msg>
<status status="PASS" starttime="20231222 17:53:50.381" endtime="20231222 17:53:55.396"/>
</kw>
<kw name="Close Browser" library="SeleniumLibrary">
<doc>Closes the current browser.</doc>
<status status="PASS" starttime="20231222 17:53:55.396" endtime="20231222 17:53:57.641"/>
</kw>
<status status="PASS" starttime="20231222 17:53:45.998" endtime="20231222 17:53:57.646"/>
</test>
<test id="s1-t3" name="testcase-3" line="28">
<kw name="Open Browser" library="SeleniumLibrary">
<arg>${HOST}</arg>
<arg>${BROWSER}</arg>
<doc>Opens a new browser instance to the optional ``url``.</doc>
<msg timestamp="20231222 17:53:57.671" level="INFO">Opening browser 'chrome' to base url 'http://localhost:8000/'.</msg>
<status status="PASS" starttime="20231222 17:53:57.662" endtime="20231222 17:54:00.778"/>
</kw>
<kw name="Click Element" library="SeleniumLibrary">
<arg>xpath://a[@type='edit']</arg>
<doc>Click the element identified by ``locator``.</doc>
<msg timestamp="20231222 17:54:00.785" level="INFO">Clicking element 'xpath://a[@type='edit']'.</msg>
<status status="PASS" starttime="20231222 17:54:00.781" endtime="20231222 17:54:01.037"/>
</kw>
<kw name="Input Text" library="SeleniumLibrary">
<arg>name:nama</arg>
<arg>edit</arg>
<doc>Types the given ``text`` into the text field identified by ``locator``.</doc>
<msg timestamp="20231222 17:54:01.044" level="INFO">Typing text 'edit' into text field 'name:nama'.</msg>
<status status="PASS" starttime="20231222 17:54:01.038" endtime="20231222 17:54:01.199"/>
</kw>
<kw name="Input Text" library="SeleniumLibrary">
<arg>name:harga</arg>
<arg>500000</arg>
<doc>Types the given ``text`` into the text field identified by ``locator``.</doc>
<msg timestamp="20231222 17:54:01.208" level="INFO">Typing text '500000' into text field 'name:harga'.</msg>
<status status="PASS" starttime="20231222 17:54:01.204" endtime="20231222 17:54:01.425"/>
</kw>
<kw name="Input Text" library="SeleniumLibrary">
<arg>name:deskripsi</arg>
<arg>edit</arg>
<doc>Types the given ``text`` into the text field identified by ``locator``.</doc>
<msg timestamp="20231222 17:54:01.431" level="INFO">Typing text 'edit' into text field 'name:deskripsi'.</msg>
<status status="PASS" starttime="20231222 17:54:01.425" endtime="20231222 17:54:01.701"/>
</kw>
<kw name="Click Element" library="SeleniumLibrary">
<arg>xpath://button[@type='submit']</arg>
<doc>Click the element identified by ``locator``.</doc>
<msg timestamp="20231222 17:54:01.708" level="INFO">Clicking element 'xpath://button[@type='submit']'.</msg>
<status status="PASS" starttime="20231222 17:54:01.702" endtime="20231222 17:54:01.977"/>
</kw>
<kw name="Alert Should Be Present" library="SeleniumLibrary">
<arg>data berhasil diupdate.</arg>
<doc>Verifies that an alert is present and by default, accepts it.</doc>
<msg timestamp="20231222 17:54:01.984" level="INFO">HANDLE::&lt;class 'NoneType'&gt;::None</msg>
<status status="PASS" starttime="20231222 17:54:01.980" endtime="20231222 17:54:02.033"/>
</kw>
<kw name="Sleep" library="BuiltIn">
<arg>5s</arg>
<doc>Pauses the test executed for the given time.</doc>
<msg timestamp="20231222 17:54:07.051" level="INFO">Slept 5 seconds</msg>
<status status="PASS" starttime="20231222 17:54:02.046" endtime="20231222 17:54:07.052"/>
</kw>
<kw name="Close Browser" library="SeleniumLibrary">
<doc>Closes the current browser.</doc>
<status status="PASS" starttime="20231222 17:54:07.057" endtime="20231222 17:54:09.335"/>
</kw>
<status status="PASS" starttime="20231222 17:53:57.652" endtime="20231222 17:54:09.341"/>
</test>
<test id="s1-t4" name="testcase-4" line="39">
<kw name="Open Browser" library="SeleniumLibrary">
<arg>${HOST}</arg>
<arg>${BROWSER}</arg>
<doc>Opens a new browser instance to the optional ``url``.</doc>
<msg timestamp="20231222 17:54:09.364" level="INFO">Opening browser 'chrome' to base url 'http://localhost:8000/'.</msg>
<status status="PASS" starttime="20231222 17:54:09.357" endtime="20231222 17:54:11.757"/>
</kw>
<kw name="Click Element" library="SeleniumLibrary">
<arg>xpath://a[@type='hapus']</arg>
<doc>Click the element identified by ``locator``.</doc>
<msg timestamp="20231222 17:54:11.761" level="INFO">Clicking element 'xpath://a[@type='hapus']'.</msg>
<status status="PASS" starttime="20231222 17:54:11.758" endtime="20231222 17:54:11.873"/>
</kw>
<kw name="Handle Alert" library="SeleniumLibrary">
<arg>action=accept</arg>
<doc>Handles the current alert and returns its message.</doc>
<msg timestamp="20231222 17:54:11.877" level="INFO">HANDLE::&lt;class 'NoneType'&gt;::None</msg>
<status status="PASS" starttime="20231222 17:54:11.875" endtime="20231222 17:54:11.897"/>
</kw>
<kw name="Alert Should Be Present" library="SeleniumLibrary">
<arg>data berhasil dihapus.</arg>
<doc>Verifies that an alert is present and by default, accepts it.</doc>
<msg timestamp="20231222 17:54:11.906" level="INFO">HANDLE::&lt;class 'NoneType'&gt;::None</msg>
<status status="PASS" starttime="20231222 17:54:11.902" endtime="20231222 17:54:11.989"/>
</kw>
<kw name="Sleep" library="BuiltIn">
<arg>10s</arg>
<doc>Pauses the test executed for the given time.</doc>
<msg timestamp="20231222 17:54:21.995" level="INFO">Slept 10 seconds</msg>
<status status="PASS" starttime="20231222 17:54:11.991" endtime="20231222 17:54:21.995"/>
</kw>
<kw name="Close Browser" library="SeleniumLibrary">
<doc>Closes the current browser.</doc>
<status status="PASS" starttime="20231222 17:54:21.997" endtime="20231222 17:54:24.184"/>
</kw>
<status status="PASS" starttime="20231222 17:54:09.348" endtime="20231222 17:54:24.184"/>
</test>
<status status="PASS" starttime="20231222 17:53:34.302" endtime="20231222 17:54:24.190"/>
</suite>
<statistics>
<total>
<stat pass="4" fail="0" skip="0">All Tests</stat>
</total>
<tag>
</tag>
<suite>
<stat pass="4" fail="0" skip="0" id="s1" name="Testnew">Testnew</stat>
</suite>
</statistics>
<errors>
</errors>
</robot>
